# JRE version: OpenJDK Runtime Environment (17.0.9) (build 17.0.9+0--11185874)
# Java VM: OpenJDK 64-Bit Server VM (17.0.9+0--11185874, mixed mode, tiered, compressed oops, compressed class ptrs, g1 gc, windows-amd64)
GC Precious Log:
 CPUs: 4 total, 4 available
 Memory: 8089M
 Large Page Support: Disabled
 NUMA Support: Disabled
 Compressed Oops: Enabled (32-bit)
 Heap Region Size: 1M
 Heap Min Capacity: 8M
 Heap Initial Capacity: 128M
 Heap Max Capacity: 2G
 Pre-touch: Disabled
 Parallel Workers: 4
 Concurrent Workers: 1
 Concurrent Refinement Workers: 4
 Periodic GC: Disabled
Heap:
 garbage-first heap   total 465920K, used 266579K [0x0000000080000000, 0x0000000100000000)
  region size 1024K, 17 young (17408K), 17 survivors (17408K)
 Metaspace       used 181317K, committed 182656K, reserved 1245184K
  class space    used 23553K, committed 24192K, reserved 1048576K
GC Heap History (20 events):
Event: 99.902 GC heap after
{Heap after GC invocations=62 (full 0):
 garbage-first heap   total 408576K, used 230742K [0x0000000080000000, 0x0000000100000000)
  region size 1024K, 7 young (7168K), 7 survivors (7168K)
 Metaspace       used 165666K, committed 166784K, reserved 1245184K
  class space    used 21727K, committed 22272K, reserved 1048576K
}
Event: 100.040 GC heap before
{Heap before GC invocations=62 (full 0):
 garbage-first heap   total 408576K, used 243030K [0x0000000080000000, 0x0000000100000000)
  region size 1024K, 19 young (19456K), 7 survivors (7168K)
 Metaspace       used 165794K, committed 166976K, reserved 1245184K
  class space    used 21734K, committed 22272K, reserved 1048576K
}
Event: 100.056 GC heap after
{Heap after GC invocations=63 (full 0):
 garbage-first heap   total 408576K, used 220760K [0x0000000080000000, 0x0000000100000000)
  region size 1024K, 3 young (3072K), 3 survivors (3072K)
 Metaspace       used 165794K, committed 166976K, reserved 1245184K
  class space    used 21734K, committed 22272K, reserved 1048576K
}
Event: 102.826 GC heap before
{Heap before GC invocations=63 (full 0):
 garbage-first heap   total 408576K, used 340568K [0x0000000080000000, 0x0000000100000000)
  region size 1024K, 119 young (121856K), 3 survivors (3072K)
 Metaspace       used 169960K, committed 171136K, reserved 1245184K
  class space    used 21986K, committed 22528K, reserved 1048576K
}
Event: 102.849 GC heap after
{Heap after GC invocations=64 (full 0):
 garbage-first heap   total 408576K, used 232000K [0x0000000080000000, 0x0000000100000000)
  region size 1024K, 14 young (14336K), 14 survivors (14336K)
 Metaspace       used 169960K, committed 171136K, reserved 1245184K
  class space    used 21986K, committed 22528K, reserved 1048576K
}
Event: 151.492 GC heap before
{Heap before GC invocations=65 (full 0):
 garbage-first heap   total 408576K, used 338496K [0x0000000080000000, 0x0000000100000000)
  region size 1024K, 119 young (121856K), 14 survivors (14336K)
 Metaspace       used 170516K, committed 171712K, reserved 1245184K
  class space    used 22022K, committed 22592K, reserved 1048576K
}
Event: 151.528 GC heap after
{Heap after GC invocations=66 (full 0):
 garbage-first heap   total 408576K, used 234852K [0x0000000080000000, 0x0000000100000000)
  region size 1024K, 10 young (10240K), 10 survivors (10240K)
 Metaspace       used 170516K, committed 171712K, reserved 1245184K
  class space    used 22022K, committed 22592K, reserved 1048576K
}
Event: 151.602 GC heap before
{Heap before GC invocations=66 (full 0):
 garbage-first heap   total 408576K, used 243044K [0x0000000080000000, 0x0000000100000000)
  region size 1024K, 19 young (19456K), 10 survivors (10240K)
 Metaspace       used 170517K, committed 171712K, reserved 1245184K
  class space    used 22022K, committed 22592K, reserved 1048576K
}
Event: 151.620 GC heap after
{Heap after GC invocations=67 (full 0):
 garbage-first heap   total 408576K, used 232218K [0x0000000080000000, 0x0000000100000000)
  region size 1024K, 2 young (2048K), 2 survivors (2048K)
 Metaspace       used 170517K, committed 171712K, reserved 1245184K
  class space    used 22022K, committed 22592K, reserved 1048576K
}
Event: 153.632 GC heap before
{Heap before GC invocations=67 (full 0):
 garbage-first heap   total 408576K, used 338714K [0x0000000080000000, 0x0000000100000000)
  region size 1024K, 107 young (109568K), 2 survivors (2048K)
 Metaspace       used 173031K, committed 174272K, reserved 1245184K
  class space    used 22398K, committed 22976K, reserved 1048576K
}
Event: 153.666 GC heap after
{Heap after GC invocations=68 (full 0):
 garbage-first heap   total 408576K, used 241384K [0x0000000080000000, 0x0000000100000000)
  region size 1024K, 11 young (11264K), 11 survivors (11264K)
 Metaspace       used 173031K, committed 174272K, reserved 1245184K
  class space    used 22398K, committed 22976K, reserved 1048576K
}
Event: 154.922 GC heap before
{Heap before GC invocations=68 (full 0):
 garbage-first heap   total 408576K, used 339688K [0x0000000080000000, 0x0000000100000000)
  region size 1024K, 108 young (110592K), 11 survivors (11264K)
 Metaspace       used 173345K, committed 174528K, reserved 1245184K
  class space    used 22443K, committed 22976K, reserved 1048576K
}
Event: 154.946 GC heap after
{Heap after GC invocations=69 (full 0):
 garbage-first heap   total 408576K, used 248070K [0x0000000080000000, 0x0000000100000000)
  region size 1024K, 7 young (7168K), 7 survivors (7168K)
 Metaspace       used 173345K, committed 174528K, reserved 1245184K
  class space    used 22443K, committed 22976K, reserved 1048576K
}
Event: 155.593 GC heap before
{Heap before GC invocations=69 (full 0):
 garbage-first heap   total 408576K, used 342278K [0x0000000080000000, 0x0000000100000000)
  region size 1024K, 100 young (102400K), 7 survivors (7168K)
 Metaspace       used 174939K, committed 176128K, reserved 1245184K
  class space    used 22674K, committed 23232K, reserved 1048576K
}
Event: 155.614 GC heap after
{Heap after GC invocations=70 (full 0):
 garbage-first heap   total 408576K, used 267962K [0x0000000080000000, 0x0000000100000000)
  region size 1024K, 13 young (13312K), 13 survivors (13312K)
 Metaspace       used 174939K, committed 176128K, reserved 1245184K
  class space    used 22674K, committed 23232K, reserved 1048576K
}
Event: 156.651 GC heap before
{Heap before GC invocations=71 (full 0):
 garbage-first heap   total 465920K, used 326330K [0x0000000080000000, 0x0000000100000000)
  region size 1024K, 79 young (80896K), 13 survivors (13312K)
 Metaspace       used 178151K, committed 179456K, reserved 1245184K
  class space    used 23103K, committed 23744K, reserved 1048576K
}
Event: 156.677 GC heap after
{Heap after GC invocations=72 (full 0):
 garbage-first heap   total 465920K, used 266067K [0x0000000080000000, 0x0000000100000000)
  region size 1024K, 10 young (10240K), 10 survivors (10240K)
 Metaspace       used 178151K, committed 179456K, reserved 1245184K
  class space    used 23103K, committed 23744K, reserved 1048576K
}
Event: 156.725 GC heap before
{Heap before GC invocations=72 (full 0):
 garbage-first heap   total 465920K, used 278355K [0x0000000080000000, 0x0000000100000000)
  region size 1024K, 22 young (22528K), 10 survivors (10240K)
 Metaspace       used 178172K, committed 179456K, reserved 1245184K
  class space    used 23106K, committed 23744K, reserved 1048576K
}
Event: 156.749 GC heap after
{Heap after GC invocations=73 (full 0):
 garbage-first heap   total 465920K, used 247447K [0x0000000080000000, 0x0000000100000000)
  region size 1024K, 3 young (3072K), 3 survivors (3072K)
 Metaspace       used 178172K, committed 179456K, reserved 1245184K
  class space    used 23106K, committed 23744K, reserved 1048576K
}
Event: 157.676 GC heap before
{Heap before GC invocations=73 (full 0):
 garbage-first heap   total 465920K, used 375447K [0x0000000080000000, 0x0000000100000000)
  region size 1024K, 129 young (132096K), 3 survivors (3072K)
 Metaspace       used 181317K, committed 182656K, reserved 1245184K
  class space    used 23553K, committed 24192K, reserved 1048576K
}

